Build started 17.05.2011 14:55:37.
     1>Project "C:\Documents and Settings\Administrator\My Documents\My Pictures\ZA 2010\MIPS Checker\GUICPP\GUICPP.vcxproj" on node 2 (build target(s)).
     1>InitializeBuildStatus:
         Creating "Debug\GUICPP.unsuccessfulbuild" because "AlwaysCreate" was specified.
       GenerateTargetFrameworkMonikerAttribute:
       Skipping target "GenerateTargetFrameworkMonikerAttribute" because all output files are up-to-date with respect to the input files.
       ClCompile:
         Deleting file "Debug\GUICPP.pch".
         C:\Program Files\Microsoft Visual Studio 10.0\VC\bin\CL.exe /c /AI"C:\Program Files\Reference Assemblies\Microsoft\Framework\.NETFramework\v4.0" /Zi /clr:pure /nologo /W3 /WX- /Od /Oy- /D WIN32 /D _DEBUG /D _UNICODE /D UNICODE /EHa /MDd /GS /fp:precise /Zc:wchar_t /Zc:forScope /Yc"StdAfx.h" /Fp"Debug\GUICPP.pch" /Fo"Debug\\" /Fd"Debug\vc100.pdb" /TP /FU"C:\Program Files\Reference Assemblies\Microsoft\Framework\.NETFramework\v4.0\System.Core.dll" /FU"C:\Program Files\Reference Assemblies\Microsoft\Framework\.NETFramework\v4.0\System.Data.dll" /FU"C:\Program Files\Reference Assemblies\Microsoft\Framework\.NETFramework\v4.0\System.dll" /FU"C:\Program Files\Reference Assemblies\Microsoft\Framework\.NETFramework\v4.0\System.Drawing.dll" /FU"C:\Program Files\Reference Assemblies\Microsoft\Framework\.NETFramework\v4.0\System.Windows.Forms.dll" /FU"C:\Program Files\Reference Assemblies\Microsoft\Framework\.NETFramework\v4.0\System.Xml.dll" /analyze- /errorReport:prompt stdafx.cpp /clr:nostdlib 
         stdafx.cpp
         C:\Program Files\Microsoft Visual Studio 10.0\VC\bin\CL.exe /c /AI"C:\Program Files\Reference Assemblies\Microsoft\Framework\.NETFramework\v4.0" /Zi /clr:pure /nologo /W3 /WX- /Od /Oy- /D WIN32 /D _DEBUG /D _UNICODE /D UNICODE /EHa /MDd /GS /fp:precise /Zc:wchar_t /Zc:forScope /Yu"StdAfx.h" /Fp"Debug\GUICPP.pch" /Fo"Debug\\" /Fd"Debug\vc100.pdb" /TP /FU"C:\Program Files\Reference Assemblies\Microsoft\Framework\.NETFramework\v4.0\System.Core.dll" /FU"C:\Program Files\Reference Assemblies\Microsoft\Framework\.NETFramework\v4.0\System.Data.dll" /FU"C:\Program Files\Reference Assemblies\Microsoft\Framework\.NETFramework\v4.0\System.dll" /FU"C:\Program Files\Reference Assemblies\Microsoft\Framework\.NETFramework\v4.0\System.Drawing.dll" /FU"C:\Program Files\Reference Assemblies\Microsoft\Framework\.NETFramework\v4.0\System.Windows.Forms.dll" /FU"C:\Program Files\Reference Assemblies\Microsoft\Framework\.NETFramework\v4.0\System.Xml.dll" /analyze- /errorReport:prompt about.cpp AssemblyInfo.cpp GUICPP.cpp /clr:nostdlib 
         about.cpp
         AssemblyInfo.cpp
         GUICPP.cpp
     1>c:\documents and settings\administrator\my documents\my pictures\za 2010\mips checker\guicpp\structf.h(28): warning C4996: 'strcpy': This function or variable may be unsafe. Consider using strcpy_s instead. To disable deprecation, use _CRT_SECURE_NO_WARNINGS. See online help for details.
                 C:\Program Files\Microsoft Visual Studio 10.0\VC\include\string.h(105) : see declaration of 'strcpy'
     1>c:\documents and settings\administrator\my documents\my pictures\za 2010\mips checker\guicpp\structf.h(82): warning C4996: 'strcpy': This function or variable may be unsafe. Consider using strcpy_s instead. To disable deprecation, use _CRT_SECURE_NO_WARNINGS. See online help for details.
                 C:\Program Files\Microsoft Visual Studio 10.0\VC\include\string.h(105) : see declaration of 'strcpy'
     1>c:\documents and settings\administrator\my documents\my pictures\za 2010\mips checker\guicpp\structf.h(105): warning C4996: 'strcpy': This function or variable may be unsafe. Consider using strcpy_s instead. To disable deprecation, use _CRT_SECURE_NO_WARNINGS. See online help for details.
                 C:\Program Files\Microsoft Visual Studio 10.0\VC\include\string.h(105) : see declaration of 'strcpy'
     1>c:\documents and settings\administrator\my documents\my pictures\za 2010\mips checker\guicpp\structf.h(127): warning C4018: '<=' : signed/unsigned mismatch
     1>c:\documents and settings\administrator\my documents\my pictures\za 2010\mips checker\guicpp\tree.h(21): warning C4996: 'fopen': This function or variable may be unsafe. Consider using fopen_s instead. To disable deprecation, use _CRT_SECURE_NO_WARNINGS. See online help for details.
                 C:\Program Files\Microsoft Visual Studio 10.0\VC\include\stdio.h(234) : see declaration of 'fopen'
     1>c:\documents and settings\administrator\my documents\my pictures\za 2010\mips checker\guicpp\tree.h(41): warning C4996: 'strcpy': This function or variable may be unsafe. Consider using strcpy_s instead. To disable deprecation, use _CRT_SECURE_NO_WARNINGS. See online help for details.
                 C:\Program Files\Microsoft Visual Studio 10.0\VC\include\string.h(105) : see declaration of 'strcpy'
     1>c:\documents and settings\administrator\my documents\my pictures\za 2010\mips checker\guicpp\call.h(16): warning C4996: 'strcpy': This function or variable may be unsafe. Consider using strcpy_s instead. To disable deprecation, use _CRT_SECURE_NO_WARNINGS. See online help for details.
                 C:\Program Files\Microsoft Visual Studio 10.0\VC\include\string.h(105) : see declaration of 'strcpy'
     1>c:\documents and settings\administrator\my documents\my pictures\za 2010\mips checker\guicpp\call.h(18): warning C4996: 'fopen': This function or variable may be unsafe. Consider using fopen_s instead. To disable deprecation, use _CRT_SECURE_NO_WARNINGS. See online help for details.
                 C:\Program Files\Microsoft Visual Studio 10.0\VC\include\stdio.h(234) : see declaration of 'fopen'
         Generating Code...
     1>c:\documents and settings\administrator\my documents\my pictures\za 2010\mips checker\guicpp\structf.h(255): warning C4715: 'recognizeRegister' : not all control paths return a value
     1>c:\documents and settings\administrator\my documents\my pictures\za 2010\mips checker\guicpp\check.h(13): warning C4715: 'checkFormula' : not all control paths return a value
     1>c:\documents and settings\administrator\my documents\my pictures\za 2010\mips checker\guicpp\structf.h(288): warning C4715: 'codeToRegister' : not all control paths return a value
     1>c:\documents and settings\administrator\my documents\my pictures\za 2010\mips checker\guicpp\call.h(29): warning C4700: uninitialized local variable 'i' used
         C:\Program Files\Microsoft Visual Studio 10.0\VC\bin\CL.exe /c /Zi /clr:pure /nologo /W3 /WX- /Od /Oy- /D WIN32 /D _DEBUG /D _UNICODE /D UNICODE /EHa /MDd /GS /fp:precise /Zc:wchar_t /Zc:forScope /Fo"Debug\\" /Fd"Debug\vc100.pdb" /TP /analyze- /errorReport:prompt "C:\Documents and Settings\Administrator\Local Settings\Temp\.NETFramework,Version=v4.0.AssemblyAttributes.cpp"
         .NETFramework,Version=v4.0.AssemblyAttributes.cpp
       CoreResGen:
         "C:\Program Files\Microsoft SDKs\Windows\v7.0A\bin\NETFX 4.0 Tools\resgen.exe" /useSourcePath /r:"C:\Program Files\Reference Assemblies\Microsoft\Framework\.NETFramework\v4.0\System.Core.dll" /r:"C:\Program Files\Reference Assemblies\Microsoft\Framework\.NETFramework\v4.0\System.Data.dll" /r:"C:\Program Files\Reference Assemblies\Microsoft\Framework\.NETFramework\v4.0\System.dll" /r:"C:\Program Files\Reference Assemblies\Microsoft\Framework\.NETFramework\v4.0\System.Drawing.dll" /r:"C:\Program Files\Reference Assemblies\Microsoft\Framework\.NETFramework\v4.0\System.Windows.Forms.dll" /r:"C:\Program Files\Reference Assemblies\Microsoft\Framework\.NETFramework\v4.0\System.Xml.dll" /compile about.resx,Debug\GUICPP.about.resources Form1.resX,Debug\GUICPP.Form1.resources
         Processing resource file "about.resx" into "Debug\GUICPP.about.resources".
         Processing resource file "Form1.resX" into "Debug\GUICPP.Form1.resources".
       ResourceCompile:
         C:\Program Files\Microsoft SDKs\Windows\v7.0A\bin\rc.exe /D _UNICODE /D UNICODE /l"0x0409" /nologo /fo"Debug\app.res" app.rc 
       Link:
         C:\Program Files\Microsoft Visual Studio 10.0\VC\bin\link.exe /ERRORREPORT:PROMPT /OUT:"C:\Documents and Settings\Administrator\My Documents\My Pictures\ZA 2010\MIPS Checker\Debug\GUICPP.exe" /INCREMENTAL /NOLOGO /ASSEMBLYRESOURCE:Debug\GUICPP.about.resources /ASSEMBLYRESOURCE:Debug\GUICPP.Form1.resources /MANIFEST /ManifestFile:"Debug\GUICPP.exe.intermediate.manifest" /MANIFESTUAC:"level='asInvoker' uiAccess='false'" /DEBUG /PDB:"C:\Documents and Settings\Administrator\My Documents\My Pictures\ZA 2010\MIPS Checker\Debug\GUICPP.pdb" /ASSEMBLYDEBUG /SUBSYSTEM:WINDOWS /TLBID:1 /ENTRY:"main" /DYNAMICBASE /FIXED:NO /NXCOMPAT /MACHINE:X86 Debug\app.res
         Debug\about.obj
         Debug\AssemblyInfo.obj
         Debug\GUICPP.obj
         Debug\stdafx.obj
         "Debug\.NETFramework,Version=v4.0.AssemblyAttributes.obj"
         GUICPP.vcxproj -> C:\Documents and Settings\Administrator\My Documents\My Pictures\ZA 2010\MIPS Checker\Debug\GUICPP.exe
       Manifest:
         C:\Program Files\Microsoft SDKs\Windows\v7.0A\bin\mt.exe /nologo /verbose /outputresource:"C:\Documents and Settings\Administrator\My Documents\My Pictures\ZA 2010\MIPS Checker\Debug\GUICPP.exe;#1" /manifest Debug\GUICPP.exe.intermediate.manifest
       FinalizeBuildStatus:
         Deleting file "Debug\GUICPP.unsuccessfulbuild".
         Touching "Debug\GUICPP.lastbuildstate".
     1>Done Building Project "C:\Documents and Settings\Administrator\My Documents\My Pictures\ZA 2010\MIPS Checker\GUICPP\GUICPP.vcxproj" (build target(s)).

Build succeeded.

Time Elapsed 00:00:10.59
